<?xml version="1.0" encoding="UTF-8"?>
<!-- Generated by org.testng.reporters.JUnitReportReporter -->
<testsuite skipped="0" hostname="DESKTOP-MCRE4HN" name="qaclickacademy.Appium" tests="1" failures="0" timestamp="2021-06-27T08:02:38 IST" time="0.014" errors="0">
  <testcase name="App" time="0.014" classname="qaclickacademy.Appium"/>
  <system-out/>
</testsuite> <!-- qaclickacademy.Appium -->
