<?xml version="1.0" encoding="UTF-8"?>
<!-- Generated by org.testng.reporters.JUnitReportReporter -->
<testsuite skipped="0" hostname="DESKTOP-MCRE4HN" name="qaclickacademy.RestApi" tests="1" failures="0" timestamp="2021-06-27T09:57:07 IST" time="0.000" errors="0">
  <testcase name="soupui" time="0.000" classname="qaclickacademy.RestApi"/>
  <system-out/>
</testsuite> <!-- qaclickacademy.RestApi -->
