<?xml version="1.0" encoding="UTF-8"?>
<!-- Generated by org.testng.reporters.JUnitReportReporter -->
<testsuite skipped="0" hostname="DESKTOP-MCRE4HN" name="qaclickacademy.Selenium" tests="1" failures="0" timestamp="2021-06-27T09:57:07 IST" time="0.001" errors="0">
  <testcase name="alert" time="0.001" classname="qaclickacademy.Selenium"/>
  <system-out/>
</testsuite> <!-- qaclickacademy.Selenium -->
