<?xml version="1.0" encoding="UTF-8"?>
<!-- Generated by org.testng.reporters.JUnitReportReporter -->
<testsuite skipped="0" hostname="DESKTOP-MCRE4HN" name="qaclickacademy.RestApiTest" tests="2" failures="0" timestamp="2021-07-03T07:19:49 IST" time="0.000" errors="0">
  <testcase name="soupui" time="0.000" classname="qaclickacademy.RestApiTest"/>
  <system-out/>
  <testcase name="rest" time="0.000" classname="qaclickacademy.RestApiTest"/>
  <system-out/>
</testsuite> <!-- qaclickacademy.RestApiTest -->
