<?xml version="1.0" encoding="UTF-8"?>
<!-- Generated by org.testng.reporters.JUnitReportReporter -->
<testsuite skipped="0" hostname="DESKTOP-MCRE4HN" name="qaclickacademy.AppiumTest" tests="2" failures="0" timestamp="2021-07-03T07:19:49 IST" time="0.004" errors="0">
  <testcase name="sdk" time="0.000" classname="qaclickacademy.AppiumTest"/>
  <system-out/>
  <testcase name="App" time="0.004" classname="qaclickacademy.AppiumTest"/>
  <system-out/>
</testsuite> <!-- qaclickacademy.AppiumTest -->
