<?xml version="1.0" encoding="UTF-8"?>
<!-- Generated by org.testng.reporters.JUnitReportReporter -->
<testsuite skipped="0" hostname="DESKTOP-MCRE4HN" name="qaclickacademy.Appium" tests="2" failures="0" timestamp="2021-06-27T09:57:07 IST" time="0.005" errors="0">
  <testcase name="App" time="0.004" classname="qaclickacademy.Appium"/>
  <system-out/>
  <testcase name="sdk" time="0.001" classname="qaclickacademy.Appium"/>
  <system-out/>
</testsuite> <!-- qaclickacademy.Appium -->
