<?xml version="1.0" encoding="UTF-8"?>
<!-- Generated by org.testng.reporters.JUnitReportReporter -->
<testsuite skipped="0" hostname="DESKTOP-MCRE4HN" name="qaclickacademy.SeleniumTest" tests="2" failures="0" timestamp="2021-07-03T07:19:49 IST" time="0.000" errors="0">
  <testcase name="frames" time="0.000" classname="qaclickacademy.SeleniumTest"/>
  <system-out/>
  <testcase name="alert" time="0.000" classname="qaclickacademy.SeleniumTest"/>
  <system-out/>
</testsuite> <!-- qaclickacademy.SeleniumTest -->
